<?xml version="1.0" encoding="UTF-8"?>
<testng-results ignored="0" total="1" passed="1" failed="0" skipped="0">
  <reporter-output>
  </reporter-output>
  <suite started-at="2021-05-10T22:14:34 CDT" name="Default suite" finished-at="2021-05-10T22:15:01 CDT" duration-ms="26981">
    <groups>
    </groups>
    <test started-at="2021-05-10T22:14:34 CDT" name="Default test" finished-at="2021-05-10T22:15:01 CDT" duration-ms="26981">
      <class name="amazon_tests.QABookvalidation_test">
        <test-method is-config="true" signature="invokingDriver()[pri:0, instance:amazon_tests.QABookvalidation_test@3b220bcb]" started-at="2021-05-10T22:14:34 CDT" name="invokingDriver" finished-at="2021-05-10T22:14:39 CDT" duration-ms="4409" status="PASS">
          <reporter-output>
          </reporter-output>
        </test-method> <!-- invokingDriver -->
        <test-method is-config="true" signature="navigateToUrl()[pri:0, instance:amazon_tests.QABookvalidation_test@3b220bcb]" started-at="2021-05-10T22:14:39 CDT" name="navigateToUrl" finished-at="2021-05-10T22:14:43 CDT" duration-ms="4596" status="PASS">
          <reporter-output>
          </reporter-output>
        </test-method> <!-- navigateToUrl -->
        <test-method signature="validatingPrice()[pri:0, instance:amazon_tests.QABookvalidation_test@3b220bcb]" started-at="2021-05-10T22:14:43 CDT" name="validatingPrice" finished-at="2021-05-10T22:15:01 CDT" duration-ms="17922" status="PASS">
          <reporter-output>
          </reporter-output>
        </test-method> <!-- validatingPrice -->
      </class> <!-- amazon_tests.QABookvalidation_test -->
    </test> <!-- Default test -->
  </suite> <!-- Default suite -->
</testng-results>
